<?xml version="1.0" encoding="UTF-8"?>
<!-- Generated by org.testng.reporters.JUnitXMLReporter -->
<testsuite ignored="0" hostname="DESKTOP-10U9AGL" failures="2" tests="2" name="Test" time="5.175" errors="0" timestamp="2025-12-05T16:39:59 IST">
  <testcase classname="com.tests.HomepageTest" name="getPageTitle" time="0.011">
    <failure type="java.lang.NullPointerException" message="Cannot invoke &amp;quot;org.openqa.selenium.WebDriver.getTitle()&amp;quot; because &amp;quot;this.driver&amp;quot; is null">
      <![CDATA[java.lang.NullPointerException: Cannot invoke "org.openqa.selenium.WebDriver.getTitle()" because "this.driver" is null
at com.tests.HomepageTest.getPageTitle(HomepageTest.java:64)
at java.base/java.util.ArrayList.forEach(ArrayList.java:1596)
... Removed 25 stack frames]]>
    </failure>
  </testcase> <!-- getPageTitle -->
  <testcase classname="com.tests.HomepageTest" name="verifyWelcomeMessage" time="0.004">
    <failure type="java.lang.NullPointerException" message="Cannot invoke &amp;quot;org.openqa.selenium.WebDriver.findElement(org.openqa.selenium.By)&amp;quot; because &amp;quot;this.driver&amp;quot; is null">
      <![CDATA[java.lang.NullPointerException: Cannot invoke "org.openqa.selenium.WebDriver.findElement(org.openqa.selenium.By)" because "this.driver" is null
at com.pages.Homepage.getWelcomeMessage(Homepage.java:27)
at com.tests.HomepageTest.verifyWelcomeMessage(HomepageTest.java:52)
at java.base/java.util.ArrayList.forEach(ArrayList.java:1596)
... Removed 25 stack frames]]>
    </failure>
  </testcase> <!-- verifyWelcomeMessage -->
</testsuite> <!-- Test -->
