<?xml version="1.0" encoding="UTF-8"?>
<!-- Generated by org.testng.reporters.JUnitXMLReporter -->
<testsuite ignored="0" hostname="DESKTOP-10U9AGL" failures="1" tests="1" name="Default test(failed)" time="0.054" errors="0" timestamp="2025-07-22T16:58:40 PDT">
  <testcase classname="packg.LoginTest" name="loginTest" time="0.0">
    <failure type="org.testng.TestNGException" message="
Method public void packg.LoginTest.loginTest(java.lang.String,java.lang.String) requires a @DataProvider named : loginData">
      <![CDATA[org.testng.TestNGException: 
Method public void packg.LoginTest.loginTest(java.lang.String,java.lang.String) requires a @DataProvider named : loginData
at java.base/java.util.ArrayList.forEach(ArrayList.java:1596)
... Removed 24 stack frames]]>
    </failure>
  </testcase> <!-- loginTest -->
</testsuite> <!-- Default test(failed) -->
