<?xml version="1.0" encoding="UTF-8"?>
<!-- Generated by org.testng.reporters.JUnitXMLReporter -->
<testsuite ignored="2" hostname="DESKTOP-10U9AGL" failures="0" tests="2" name="SmokeSuite" time="10.093" errors="0" timestamp="2025-12-06T14:50:33 IST">
  <testcase classname="com.tests.HomepageTest" name="verifypagetitle" time="1.871"/>
  <testcase classname="com.tests.LoginTest" name="testValidLogin" time="0.323"/>
  <testcase classname="com.base.BaseTest" name="@AfterSuite flushReport" time="0.0">
    <ignored/>
  </testcase> <!-- @AfterSuite flushReport -->
  <testcase classname="com.base.BaseTest" name="@BeforeSuite setupExtentReport" time="0.0">
    <ignored/>
  </testcase> <!-- @BeforeSuite setupExtentReport -->
</testsuite> <!-- SmokeSuite -->
