<?xml version="1.0" encoding="UTF-8"?>
<testng-results ignored="0" total="2" passed="2" failed="0" skipped="0">
  <reporter-output>
  </reporter-output>
  <suite started-at="2025-08-02T17:54:48 IST" name="Surefire suite" finished-at="2025-08-02T17:55:14 IST" duration-ms="26292">
    <groups>
    </groups>
    <test started-at="2025-08-02T17:54:48 IST" name="Surefire test" finished-at="2025-08-02T17:55:14 IST" duration-ms="26292">
      <class name="packg.SeleniumSiteTest">
        <test-method is-config="true" signature="setup()[pri:0, instance:packg.SeleniumSiteTest@49b0b76]" started-at="2025-08-02T17:55:11 IST" name="setup" finished-at="2025-08-02T17:55:12 IST" duration-ms="1456" status="PASS">
          <reporter-output>
          </reporter-output>
        </test-method> <!-- setup -->
        <test-method signature="openSeleniumWebsite()[pri:0, instance:packg.SeleniumSiteTest@49b0b76]" started-at="2025-08-02T17:55:12 IST" name="openSeleniumWebsite" finished-at="2025-08-02T17:55:14 IST" duration-ms="1268" status="PASS">
          <reporter-output>
          </reporter-output>
        </test-method> <!-- openSeleniumWebsite -->
        <test-method is-config="true" signature="teardown()[pri:0, instance:packg.SeleniumSiteTest@49b0b76]" started-at="2025-08-02T17:55:14 IST" name="teardown" finished-at="2025-08-02T17:55:14 IST" duration-ms="199" status="PASS">
          <reporter-output>
          </reporter-output>
        </test-method> <!-- teardown -->
      </class> <!-- packg.SeleniumSiteTest -->
      <class name="com.pages.LoginTest">
        <test-method is-config="true" signature="setup()[pri:0, instance:com.pages.LoginTest@7c469c48]" started-at="2025-08-02T17:54:48 IST" name="setup" finished-at="2025-08-02T17:55:10 IST" duration-ms="22815" status="PASS">
          <reporter-output>
          </reporter-output>
        </test-method> <!-- setup -->
        <test-method signature="testValidLogin()[pri:0, instance:com.pages.LoginTest@7c469c48]" started-at="2025-08-02T17:55:10 IST" name="testValidLogin" finished-at="2025-08-02T17:55:11 IST" duration-ms="294" status="PASS">
          <reporter-output>
          </reporter-output>
        </test-method> <!-- testValidLogin -->
        <test-method is-config="true" signature="tearDown()[pri:0, instance:com.pages.LoginTest@7c469c48]" started-at="2025-08-02T17:55:11 IST" name="tearDown" finished-at="2025-08-02T17:55:11 IST" duration-ms="209" status="PASS">
          <reporter-output>
          </reporter-output>
        </test-method> <!-- tearDown -->
      </class> <!-- com.pages.LoginTest -->
    </test> <!-- Surefire test -->
  </suite> <!-- Surefire suite -->
</testng-results>
