<?xml version="1.0" encoding="UTF-8"?>
<testng-results ignored="0" total="1" passed="1" failed="0" skipped="0">
  <reporter-output>
  </reporter-output>
  <suite started-at="2025-08-03T09:39:02 IST" name="Default suite" finished-at="2025-08-03T09:39:05 IST" duration-ms="3765">
    <groups>
    </groups>
    <test started-at="2025-08-03T09:39:02 IST" name="Default test" finished-at="2025-08-03T09:39:05 IST" duration-ms="3765">
      <class name="packg.SeleniumSiteTest">
        <test-method is-config="true" signature="setup()[pri:0, instance:packg.SeleniumSiteTest@63475ace]" started-at="2025-08-03T09:39:02 IST" name="setup" finished-at="2025-08-03T09:39:05 IST" duration-ms="2898" status="PASS">
          <reporter-output>
          </reporter-output>
        </test-method> <!-- setup -->
        <test-method signature="openSeleniumWebsite()[pri:0, instance:packg.SeleniumSiteTest@63475ace]" started-at="2025-08-03T09:39:05 IST" name="openSeleniumWebsite" finished-at="2025-08-03T09:39:05 IST" duration-ms="544" status="PASS">
          <reporter-output>
          </reporter-output>
        </test-method> <!-- openSeleniumWebsite -->
        <test-method is-config="true" signature="teardown()[pri:0, instance:packg.SeleniumSiteTest@63475ace]" started-at="2025-08-03T09:39:05 IST" name="teardown" finished-at="2025-08-03T09:39:05 IST" duration-ms="255" status="PASS">
          <reporter-output>
          </reporter-output>
        </test-method> <!-- teardown -->
      </class> <!-- packg.SeleniumSiteTest -->
    </test> <!-- Default test -->
  </suite> <!-- Default suite -->
</testng-results>
