<?xml version="1.0" encoding="UTF-8"?>
<!-- Generated by org.testng.reporters.JUnitReportReporter -->
<testsuite hostname="DESKTOP-10U9AGL" failures="0" tests="3" name="com.pages.RegistrationTest" time="0.023" errors="0" timestamp="2025-12-23T10:49:31 IST" skipped="0">
  <testcase classname="com.pages.RegistrationTest" name="testRegistration" time="0.004"/>
  <testcase classname="com.pages.RegistrationTest" name="testRegistration" time="0.014"/>
  <testcase classname="com.pages.RegistrationTest" name="testRegistration" time="0.005"/>
</testsuite> <!-- com.pages.RegistrationTest -->
